2024-07-03 01:24:09.782 +04:00  INF  Now listening on: https://localhost:7095
2024-07-03 01:24:09.810 +04:00  INF  Now listening on: http://localhost:5035
2024-07-03 01:24:09.814 +04:00  INF  Application started. Press Ctrl+C to shut down.
2024-07-03 01:24:09.815 +04:00  INF  Hosting environment: Development
2024-07-03 01:24:09.815 +04:00  INF  Content root path: C:\Users\user\Desktop\For Programing Education\BACKEND\API\AppApiCavidBashirov\CavBashirov\AppCourse\App\
2024-07-03 01:25:15.727 +04:00  INF  Now listening on: https://localhost:7095
2024-07-03 01:25:15.758 +04:00  INF  Now listening on: http://localhost:5035
2024-07-03 01:25:15.767 +04:00  INF  Application started. Press Ctrl+C to shut down.
2024-07-03 01:25:15.767 +04:00  INF  Hosting environment: Development
2024-07-03 01:25:15.767 +04:00  INF  Content root path: C:\Users\user\Desktop\For Programing Education\BACKEND\API\AppApiCavidBashirov\CavBashirov\AppCourse\App\
2024-07-03 01:25:23.215 +04:00  INF  Request starting HTTP/2 GET https://localhost:7095/swagger/index.html - -
2024-07-03 01:25:23.452 +04:00  INF  Request finished HTTP/2 GET https://localhost:7095/swagger/index.html - - - 200 - text/html;charset=utf-8 239.9771ms
2024-07-03 01:25:23.501 +04:00  INF  Request starting HTTP/2 GET https://localhost:7095/_vs/browserLink - -
2024-07-03 01:25:23.501 +04:00  INF  Request starting HTTP/2 GET https://localhost:7095/_framework/aspnetcore-browser-refresh.js - -
2024-07-03 01:25:23.503 +04:00  INF  Request finished HTTP/2 GET https://localhost:7095/_framework/aspnetcore-browser-refresh.js - - - 200 12338 application/javascript;+charset=utf-8 2.3880ms
2024-07-03 01:25:23.556 +04:00  INF  Request finished HTTP/2 GET https://localhost:7095/_vs/browserLink - - - 200 - text/javascript;+charset=UTF-8 55.2735ms
2024-07-03 01:25:23.728 +04:00  INF  Request starting HTTP/2 GET https://localhost:7095/swagger/v1/swagger.json - -
2024-07-03 01:25:23.861 +04:00  INF  Request finished HTTP/2 GET https://localhost:7095/swagger/v1/swagger.json - - - 200 - application/json;charset=utf-8 133.2420ms
2024-07-03 01:25:27.745 +04:00  INF  Request starting HTTP/2 GET https://localhost:7095/api/admin/City/GetAll - -
2024-07-03 01:25:27.755 +04:00  INF  Executing endpoint 'App.Controllers.Admin.CityController.GetAll (App)'
2024-07-03 01:25:27.773 +04:00  INF  Route matched with {action = "GetAll", controller = "City"}. Executing controller action with signature System.Threading.Tasks.Task`1[Microsoft.AspNetCore.Mvc.IActionResult] GetAll() on controller App.Controllers.Admin.CityController (App).
2024-07-03 01:25:28.685 +04:00  WRN  No store type was specified for the decimal property 'Salary' on entity type 'Teacher'. This will cause values to be silently truncated if they do not fit in the default precision and scale. Explicitly specify the SQL server column type that can accommodate all the values in 'OnModelCreating' using 'HasColumnType', specify precision and scale using 'HasPrecision', or configure a value converter using 'HasConversion'.
2024-07-03 01:25:28.865 +04:00  INF  Entity Framework Core 6.0.31 initialized 'AppDbContext' using provider 'Microsoft.EntityFrameworkCore.SqlServer:6.0.31' with options: None
2024-07-03 01:25:29.672 +04:00  INF  Executed DbCommand (37ms) [Parameters=[], CommandType='"Text"', CommandTimeout='30']
SELECT [c].[Id], [c].[CountryId], [c].[CreatedDate], [c].[Name], [c].[Population], [c].[SoftDelete], [c0].[Id], [c0].[CreatedDate], [c0].[Name], [c0].[SoftDelete]
FROM [Cities] AS [c]
INNER JOIN [Countries] AS [c0] ON [c].[CountryId] = [c0].[Id]
2024-07-03 01:25:29.780 +04:00  INF  Executing OkObjectResult, writing value of type 'System.Collections.Generic.List`1[[Service.DTOs.Admin.Cities.CityDto, Service, Version=1.0.0.0, Culture=neutral, PublicKeyToken=null]]'.
2024-07-03 01:25:29.792 +04:00  INF  Executed action App.Controllers.Admin.CityController.GetAll (App) in 2011.7816ms
2024-07-03 01:25:29.792 +04:00  INF  Executed endpoint 'App.Controllers.Admin.CityController.GetAll (App)'
2024-07-03 01:25:29.797 +04:00  INF  Request finished HTTP/2 GET https://localhost:7095/api/admin/City/GetAll - - - 200 - application/json;+charset=utf-8 2052.1491ms
2024-07-03 01:25:37.861 +04:00  INF  Request starting HTTP/2 DELETE https://localhost:7095/api/admin/City/Delete/7 - -
2024-07-03 01:25:37.865 +04:00  INF  Executing endpoint 'App.Controllers.Admin.CityController.Delete (App)'
2024-07-03 01:25:37.879 +04:00  INF  Route matched with {action = "Delete", controller = "City"}. Executing controller action with signature System.Threading.Tasks.Task`1[Microsoft.AspNetCore.Mvc.IActionResult] Delete(Int32) on controller App.Controllers.Admin.CityController (App).
2024-07-03 01:25:37.928 +04:00  INF  Entity Framework Core 6.0.31 initialized 'AppDbContext' using provider 'Microsoft.EntityFrameworkCore.SqlServer:6.0.31' with options: None
2024-07-03 01:25:38.006 +04:00  INF  Executed DbCommand (30ms) [Parameters=[@__id_0='?' (DbType = Int32)], CommandType='"Text"', CommandTimeout='30']
SELECT TOP(1) [c].[Id], [c].[CountryId], [c].[CreatedDate], [c].[Name], [c].[Population], [c].[SoftDelete]
FROM [Cities] AS [c]
WHERE [c].[Id] = @__id_0
2024-07-03 01:25:38.132 +04:00  INF  Executed DbCommand (2ms) [Parameters=[@p0='?' (DbType = Int32)], CommandType='"Text"', CommandTimeout='30']
SET NOCOUNT ON;
DELETE FROM [Cities]
WHERE [Id] = @p0;
SELECT @@ROWCOUNT;
2024-07-03 01:25:38.168 +04:00  INF  Executing StatusCodeResult, setting HTTP status code 204
2024-07-03 01:25:38.168 +04:00  INF  Executed action App.Controllers.Admin.CityController.Delete (App) in 288.9684ms
2024-07-03 01:25:38.168 +04:00  INF  Executed endpoint 'App.Controllers.Admin.CityController.Delete (App)'
2024-07-03 01:25:38.168 +04:00  INF  Request finished HTTP/2 DELETE https://localhost:7095/api/admin/City/Delete/7 - - - 204 - - 307.4821ms
2024-07-03 01:25:42.287 +04:00  INF  Request starting HTTP/2 GET https://localhost:7095/api/admin/City/GetAll - -
2024-07-03 01:25:42.288 +04:00  INF  Executing endpoint 'App.Controllers.Admin.CityController.GetAll (App)'
2024-07-03 01:25:42.288 +04:00  INF  Route matched with {action = "GetAll", controller = "City"}. Executing controller action with signature System.Threading.Tasks.Task`1[Microsoft.AspNetCore.Mvc.IActionResult] GetAll() on controller App.Controllers.Admin.CityController (App).
2024-07-03 01:25:42.308 +04:00  INF  Entity Framework Core 6.0.31 initialized 'AppDbContext' using provider 'Microsoft.EntityFrameworkCore.SqlServer:6.0.31' with options: None
2024-07-03 01:25:42.313 +04:00  INF  Executed DbCommand (0ms) [Parameters=[], CommandType='"Text"', CommandTimeout='30']
SELECT [c].[Id], [c].[CountryId], [c].[CreatedDate], [c].[Name], [c].[Population], [c].[SoftDelete], [c0].[Id], [c0].[CreatedDate], [c0].[Name], [c0].[SoftDelete]
FROM [Cities] AS [c]
INNER JOIN [Countries] AS [c0] ON [c].[CountryId] = [c0].[Id]
2024-07-03 01:25:42.314 +04:00  INF  Executing OkObjectResult, writing value of type 'System.Collections.Generic.List`1[[Service.DTOs.Admin.Cities.CityDto, Service, Version=1.0.0.0, Culture=neutral, PublicKeyToken=null]]'.
2024-07-03 01:25:42.314 +04:00  INF  Executed action App.Controllers.Admin.CityController.GetAll (App) in 25.953ms
2024-07-03 01:25:42.314 +04:00  INF  Executed endpoint 'App.Controllers.Admin.CityController.GetAll (App)'
2024-07-03 01:25:42.314 +04:00  INF  Request finished HTTP/2 GET https://localhost:7095/api/admin/City/GetAll - - - 200 - application/json;+charset=utf-8 26.9062ms
2024-07-03 01:26:12.502 +04:00  INF  Request starting HTTP/2 PUT https://localhost:7095/api/admin/City/Edit/7 application/json 63
2024-07-03 01:26:12.502 +04:00  INF  Executing endpoint 'App.Controllers.Admin.CityController.Edit (App)'
2024-07-03 01:26:12.507 +04:00  INF  Route matched with {action = "Edit", controller = "City"}. Executing controller action with signature System.Threading.Tasks.Task`1[Microsoft.AspNetCore.Mvc.IActionResult] Edit(Int32, Service.DTOs.Admin.Cities.CityEditDto) on controller App.Controllers.Admin.CityController (App).
2024-07-03 01:26:12.508 +04:00  INF  Entity Framework Core 6.0.31 initialized 'AppDbContext' using provider 'Microsoft.EntityFrameworkCore.SqlServer:6.0.31' with options: None
2024-07-03 01:26:12.528 +04:00  INF  Executed DbCommand (0ms) [Parameters=[@__id_0='?' (DbType = Int32)], CommandType='"Text"', CommandTimeout='30']
SELECT TOP(1) [c].[Id], [c].[CountryId], [c].[CreatedDate], [c].[Name], [c].[Population], [c].[SoftDelete]
FROM [Cities] AS [c]
WHERE [c].[Id] = @__id_0
2024-07-03 01:26:12.529 +04:00  INF  Executed action App.Controllers.Admin.CityController.Edit (App) in 21.41ms
2024-07-03 01:26:12.529 +04:00  INF  Executed endpoint 'App.Controllers.Admin.CityController.Edit (App)'
2024-07-03 01:26:12.569 +04:00  ERR  An unhandled exception has occurred while executing the request.Service.Helpers.Exceptions.NotFoundException: City not found
   at Service.Services.CityService.EditAsync(Int32 id, CityEditDto model) in C:\Users\user\Desktop\For Programing Education\BACKEND\API\AppApiCavidBashirov\CavBashirov\AppCourse\Service\Services\CityService.cs:line 66
   at App.Controllers.Admin.CityController.Edit(Int32 id, CityEditDto request) in C:\Users\user\Desktop\For Programing Education\BACKEND\API\AppApiCavidBashirov\CavBashirov\AppCourse\App\Controllers\Admin\CityController.cs:line 55
   at Microsoft.AspNetCore.Mvc.Infrastructure.ActionMethodExecutor.TaskOfIActionResultExecutor.Execute(IActionResultTypeMapper mapper, ObjectMethodExecutor executor, Object controller, Object[] arguments)
   at Microsoft.AspNetCore.Mvc.Infrastructure.ControllerActionInvoker.<InvokeActionMethodAsync>g__Awaited|12_0(ControllerActionInvoker invoker, ValueTask`1 actionResultValueTask)
   at Microsoft.AspNetCore.Mvc.Infrastructure.ControllerActionInvoker.<InvokeNextActionFilterAsync>g__Awaited|10_0(ControllerActionInvoker invoker, Task lastTask, State next, Scope scope, Object state, Boolean isCompleted)
   at Microsoft.AspNetCore.Mvc.Infrastructure.ControllerActionInvoker.Rethrow(ActionExecutedContextSealed context)
   at Microsoft.AspNetCore.Mvc.Infrastructure.ControllerActionInvoker.Next(State& next, Scope& scope, Object& state, Boolean& isCompleted)
   at Microsoft.AspNetCore.Mvc.Infrastructure.ControllerActionInvoker.<InvokeInnerFilterAsync>g__Awaited|13_0(ControllerActionInvoker invoker, Task lastTask, State next, Scope scope, Object state, Boolean isCompleted)
   at Microsoft.AspNetCore.Mvc.Infrastructure.ResourceInvoker.<InvokeFilterPipelineAsync>g__Awaited|20_0(ResourceInvoker invoker, Task lastTask, State next, Scope scope, Object state, Boolean isCompleted)
   at Microsoft.AspNetCore.Mvc.Infrastructure.ResourceInvoker.<InvokeAsync>g__Logged|17_1(ResourceInvoker invoker)
   at Microsoft.AspNetCore.Mvc.Infrastructure.ResourceInvoker.<InvokeAsync>g__Logged|17_1(ResourceInvoker invoker)
   at Microsoft.AspNetCore.Routing.EndpointMiddleware.<Invoke>g__AwaitRequestTask|6_0(Endpoint endpoint, Task requestTask, ILogger logger)
   at Microsoft.AspNetCore.Authorization.AuthorizationMiddleware.Invoke(HttpContext context)
   at Swashbuckle.AspNetCore.SwaggerUI.SwaggerUIMiddleware.Invoke(HttpContext httpContext)
   at Swashbuckle.AspNetCore.Swagger.SwaggerMiddleware.Invoke(HttpContext httpContext, ISwaggerProvider swaggerProvider)
   at Microsoft.AspNetCore.Diagnostics.DeveloperExceptionPageMiddleware.Invoke(HttpContext context)

2024-07-03 01:26:12.577 +04:00  INF  Request finished HTTP/2 PUT https://localhost:7095/api/admin/City/Edit/7 application/json 63 - 500 - text/plain;+charset=utf-8 75.1154ms
2024-07-03 01:26:28.344 +04:00  INF  Request starting HTTP/2 PUT https://localhost:7095/api/admin/City/Edit/6 application/json 63
2024-07-03 01:26:28.344 +04:00  INF  Executing endpoint 'App.Controllers.Admin.CityController.Edit (App)'
2024-07-03 01:26:28.344 +04:00  INF  Route matched with {action = "Edit", controller = "City"}. Executing controller action with signature System.Threading.Tasks.Task`1[Microsoft.AspNetCore.Mvc.IActionResult] Edit(Int32, Service.DTOs.Admin.Cities.CityEditDto) on controller App.Controllers.Admin.CityController (App).
2024-07-03 01:26:28.345 +04:00  INF  Entity Framework Core 6.0.31 initialized 'AppDbContext' using provider 'Microsoft.EntityFrameworkCore.SqlServer:6.0.31' with options: None
2024-07-03 01:26:28.347 +04:00  INF  Executed DbCommand (0ms) [Parameters=[@__id_0='?' (DbType = Int32)], CommandType='"Text"', CommandTimeout='30']
SELECT TOP(1) [c].[Id], [c].[CountryId], [c].[CreatedDate], [c].[Name], [c].[Population], [c].[SoftDelete]
FROM [Cities] AS [c]
WHERE [c].[Id] = @__id_0
2024-07-03 01:26:28.355 +04:00  INF  Executed action App.Controllers.Admin.CityController.Edit (App) in 11.3927ms
2024-07-03 01:26:28.356 +04:00  INF  Executed endpoint 'App.Controllers.Admin.CityController.Edit (App)'
2024-07-03 01:26:28.362 +04:00  ERR  An unhandled exception has occurred while executing the request.AutoMapper.AutoMapperMappingException: Missing type map configuration or unsupported mapping.

Mapping types:
CityEditDto -> City
Service.DTOs.Admin.Cities.CityEditDto -> Domain.Entities.City
   at lambda_method129(Closure , CityEditDto , City , ResolutionContext )
   at Service.Services.CityService.EditAsync(Int32 id, CityEditDto model) in C:\Users\user\Desktop\For Programing Education\BACKEND\API\AppApiCavidBashirov\CavBashirov\AppCourse\Service\Services\CityService.cs:line 68
   at App.Controllers.Admin.CityController.Edit(Int32 id, CityEditDto request) in C:\Users\user\Desktop\For Programing Education\BACKEND\API\AppApiCavidBashirov\CavBashirov\AppCourse\App\Controllers\Admin\CityController.cs:line 55
   at Microsoft.AspNetCore.Mvc.Infrastructure.ActionMethodExecutor.TaskOfIActionResultExecutor.Execute(IActionResultTypeMapper mapper, ObjectMethodExecutor executor, Object controller, Object[] arguments)
   at Microsoft.AspNetCore.Mvc.Infrastructure.ControllerActionInvoker.<InvokeActionMethodAsync>g__Awaited|12_0(ControllerActionInvoker invoker, ValueTask`1 actionResultValueTask)
   at Microsoft.AspNetCore.Mvc.Infrastructure.ControllerActionInvoker.<InvokeNextActionFilterAsync>g__Awaited|10_0(ControllerActionInvoker invoker, Task lastTask, State next, Scope scope, Object state, Boolean isCompleted)
   at Microsoft.AspNetCore.Mvc.Infrastructure.ControllerActionInvoker.Rethrow(ActionExecutedContextSealed context)
   at Microsoft.AspNetCore.Mvc.Infrastructure.ControllerActionInvoker.Next(State& next, Scope& scope, Object& state, Boolean& isCompleted)
   at Microsoft.AspNetCore.Mvc.Infrastructure.ControllerActionInvoker.<InvokeInnerFilterAsync>g__Awaited|13_0(ControllerActionInvoker invoker, Task lastTask, State next, Scope scope, Object state, Boolean isCompleted)
   at Microsoft.AspNetCore.Mvc.Infrastructure.ResourceInvoker.<InvokeFilterPipelineAsync>g__Awaited|20_0(ResourceInvoker invoker, Task lastTask, State next, Scope scope, Object state, Boolean isCompleted)
   at Microsoft.AspNetCore.Mvc.Infrastructure.ResourceInvoker.<InvokeAsync>g__Logged|17_1(ResourceInvoker invoker)
   at Microsoft.AspNetCore.Mvc.Infrastructure.ResourceInvoker.<InvokeAsync>g__Logged|17_1(ResourceInvoker invoker)
   at Microsoft.AspNetCore.Routing.EndpointMiddleware.<Invoke>g__AwaitRequestTask|6_0(Endpoint endpoint, Task requestTask, ILogger logger)
   at Microsoft.AspNetCore.Authorization.AuthorizationMiddleware.Invoke(HttpContext context)
   at Swashbuckle.AspNetCore.SwaggerUI.SwaggerUIMiddleware.Invoke(HttpContext httpContext)
   at Swashbuckle.AspNetCore.Swagger.SwaggerMiddleware.Invoke(HttpContext httpContext, ISwaggerProvider swaggerProvider)
   at Microsoft.AspNetCore.Diagnostics.DeveloperExceptionPageMiddleware.Invoke(HttpContext context)

2024-07-03 01:26:28.369 +04:00  INF  Request finished HTTP/2 PUT https://localhost:7095/api/admin/City/Edit/6 application/json 63 - 500 - text/plain;+charset=utf-8 25.0653ms
2024-07-03 01:27:17.630 +04:00  INF  Now listening on: https://localhost:7095
2024-07-03 01:27:17.660 +04:00  INF  Now listening on: http://localhost:5035
2024-07-03 01:27:17.665 +04:00  INF  Application started. Press Ctrl+C to shut down.
2024-07-03 01:27:17.666 +04:00  INF  Hosting environment: Development
2024-07-03 01:27:17.666 +04:00  INF  Content root path: C:\Users\user\Desktop\For Programing Education\BACKEND\API\AppApiCavidBashirov\CavBashirov\AppCourse\App\
2024-07-03 01:27:18.035 +04:00  INF  Request starting HTTP/2 GET https://localhost:7095/swagger/index.html - -
2024-07-03 01:27:18.452 +04:00  INF  Request finished HTTP/2 GET https://localhost:7095/swagger/index.html - - - 200 - text/html;charset=utf-8 423.5477ms
2024-07-03 01:27:18.524 +04:00  INF  Request starting HTTP/2 GET https://localhost:7095/_vs/browserLink - -
2024-07-03 01:27:18.622 +04:00  INF  Request finished HTTP/2 GET https://localhost:7095/_vs/browserLink - - - 200 - text/javascript;+charset=UTF-8 98.2206ms
2024-07-03 01:27:18.634 +04:00  INF  Request starting HTTP/2 GET https://localhost:7095/_framework/aspnetcore-browser-refresh.js - -
2024-07-03 01:27:18.637 +04:00  INF  Request finished HTTP/2 GET https://localhost:7095/_framework/aspnetcore-browser-refresh.js - - - 200 12338 application/javascript;+charset=utf-8 3.1036ms
2024-07-03 01:27:18.912 +04:00  INF  Request starting HTTP/2 GET https://localhost:7095/swagger/v1/swagger.json - -
2024-07-03 01:27:19.115 +04:00  INF  Request finished HTTP/2 GET https://localhost:7095/swagger/v1/swagger.json - - - 200 - application/json;charset=utf-8 203.4083ms
2024-07-03 01:28:40.819 +04:00  INF  Request starting HTTP/2 GET https://localhost:7095/api/admin/City/GetAll - -
2024-07-03 01:28:40.830 +04:00  INF  Executing endpoint 'App.Controllers.Admin.CityController.GetAll (App)'
2024-07-03 01:28:40.851 +04:00  INF  Route matched with {action = "GetAll", controller = "City"}. Executing controller action with signature System.Threading.Tasks.Task`1[Microsoft.AspNetCore.Mvc.IActionResult] GetAll() on controller App.Controllers.Admin.CityController (App).
2024-07-03 01:28:41.642 +04:00  WRN  No store type was specified for the decimal property 'Salary' on entity type 'Teacher'. This will cause values to be silently truncated if they do not fit in the default precision and scale. Explicitly specify the SQL server column type that can accommodate all the values in 'OnModelCreating' using 'HasColumnType', specify precision and scale using 'HasPrecision', or configure a value converter using 'HasConversion'.
2024-07-03 01:28:41.791 +04:00  INF  Entity Framework Core 6.0.31 initialized 'AppDbContext' using provider 'Microsoft.EntityFrameworkCore.SqlServer:6.0.31' with options: None
2024-07-03 01:28:42.462 +04:00  INF  Executed DbCommand (32ms) [Parameters=[], CommandType='"Text"', CommandTimeout='30']
SELECT [c].[Id], [c].[CountryId], [c].[CreatedDate], [c].[Name], [c].[Population], [c].[SoftDelete], [c0].[Id], [c0].[CreatedDate], [c0].[Name], [c0].[SoftDelete]
FROM [Cities] AS [c]
INNER JOIN [Countries] AS [c0] ON [c].[CountryId] = [c0].[Id]
2024-07-03 01:28:42.570 +04:00  INF  Executing OkObjectResult, writing value of type 'System.Collections.Generic.List`1[[Service.DTOs.Admin.Cities.CityDto, Service, Version=1.0.0.0, Culture=neutral, PublicKeyToken=null]]'.
2024-07-03 01:28:42.582 +04:00  INF  Executed action App.Controllers.Admin.CityController.GetAll (App) in 1724.4424ms
2024-07-03 01:28:42.582 +04:00  INF  Executed endpoint 'App.Controllers.Admin.CityController.GetAll (App)'
2024-07-03 01:28:42.588 +04:00  INF  Request finished HTTP/2 GET https://localhost:7095/api/admin/City/GetAll - - - 200 - application/json;+charset=utf-8 1769.3322ms
2024-07-03 01:29:07.109 +04:00  INF  Request starting HTTP/2 PUT https://localhost:7095/api/admin/City/Edit/6 application/json 65
2024-07-03 01:29:07.114 +04:00  INF  Executing endpoint 'App.Controllers.Admin.CityController.Edit (App)'
2024-07-03 01:29:07.129 +04:00  INF  Route matched with {action = "Edit", controller = "City"}. Executing controller action with signature System.Threading.Tasks.Task`1[Microsoft.AspNetCore.Mvc.IActionResult] Edit(Int32, Service.DTOs.Admin.Cities.CityEditDto) on controller App.Controllers.Admin.CityController (App).
2024-07-03 01:29:07.175 +04:00  INF  Entity Framework Core 6.0.31 initialized 'AppDbContext' using provider 'Microsoft.EntityFrameworkCore.SqlServer:6.0.31' with options: None
2024-07-03 01:29:07.263 +04:00  INF  Executed DbCommand (29ms) [Parameters=[@__id_0='?' (DbType = Int32)], CommandType='"Text"', CommandTimeout='30']
SELECT TOP(1) [c].[Id], [c].[CountryId], [c].[CreatedDate], [c].[Name], [c].[Population], [c].[SoftDelete]
FROM [Cities] AS [c]
WHERE [c].[Id] = @__id_0
2024-07-03 01:29:07.404 +04:00  ERR  Failed executing DbCommand (9ms) [Parameters=[@p5='?' (DbType = Int32), @p0='?' (DbType = Int32), @p1='?' (DbType = DateTime2), @p2='?' (Size = 50), @p3='?' (DbType = Int32), @p4='?' (DbType = Boolean)], CommandType='"Text"', CommandTimeout='30']
SET NOCOUNT ON;
UPDATE [Cities] SET [CountryId] = @p0, [CreatedDate] = @p1, [Name] = @p2, [Population] = @p3, [SoftDelete] = @p4
WHERE [Id] = @p5;
SELECT @@ROWCOUNT;
2024-07-03 01:29:07.449 +04:00  ERR  An exception occurred in the database while saving changes for context type 'Repository.Data.AppDbContext'.
Microsoft.EntityFrameworkCore.DbUpdateException: An error occurred while saving the entity changes. See the inner exception for details.
 ---> Microsoft.Data.SqlClient.SqlException (0x80131904): The UPDATE statement conflicted with the FOREIGN KEY constraint "FK_Cities_Countries_CountryId". The conflict occurred in database "PB101CourseDb", table "dbo.Countries", column 'Id'.
The statement has been terminated.
   at Microsoft.Data.SqlClient.SqlCommand.<>c.<ExecuteDbDataReaderAsync>b__189_0(Task`1 result)
   at System.Threading.Tasks.ContinuationResultTaskFromResultTask`2.InnerInvoke()
   at System.Threading.Tasks.Task.<>c.<.cctor>b__272_0(Object obj)
   at System.Threading.ExecutionContext.RunInternal(ExecutionContext executionContext, ContextCallback callback, Object state)
--- End of stack trace from previous location ---
   at System.Threading.Tasks.Task.ExecuteWithThreadLocal(Task& currentTaskSlot, Thread threadPoolThread)
--- End of stack trace from previous location ---
   at Microsoft.EntityFrameworkCore.Storage.RelationalCommand.ExecuteReaderAsync(RelationalCommandParameterObject parameterObject, CancellationToken cancellationToken)
   at Microsoft.EntityFrameworkCore.Storage.RelationalCommand.ExecuteReaderAsync(RelationalCommandParameterObject parameterObject, CancellationToken cancellationToken)
   at Microsoft.EntityFrameworkCore.Update.ReaderModificationCommandBatch.ExecuteAsync(IRelationalConnection connection, CancellationToken cancellationToken)
ClientConnectionId:3ab25720-3a0e-465e-89ba-2d7622533924
Error Number:547,State:0,Class:16
   --- End of inner exception stack trace ---
   at Microsoft.EntityFrameworkCore.Update.ReaderModificationCommandBatch.ExecuteAsync(IRelationalConnection connection, CancellationToken cancellationToken)
   at Microsoft.EntityFrameworkCore.Update.Internal.BatchExecutor.ExecuteAsync(IEnumerable`1 commandBatches, IRelationalConnection connection, CancellationToken cancellationToken)
   at Microsoft.EntityFrameworkCore.Update.Internal.BatchExecutor.ExecuteAsync(IEnumerable`1 commandBatches, IRelationalConnection connection, CancellationToken cancellationToken)
   at Microsoft.EntityFrameworkCore.Update.Internal.BatchExecutor.ExecuteAsync(IEnumerable`1 commandBatches, IRelationalConnection connection, CancellationToken cancellationToken)
   at Microsoft.EntityFrameworkCore.ChangeTracking.Internal.StateManager.SaveChangesAsync(IList`1 entriesToSave, CancellationToken cancellationToken)
   at Microsoft.EntityFrameworkCore.ChangeTracking.Internal.StateManager.SaveChangesAsync(StateManager stateManager, Boolean acceptAllChangesOnSuccess, CancellationToken cancellationToken)
   at Microsoft.EntityFrameworkCore.SqlServer.Storage.Internal.SqlServerExecutionStrategy.ExecuteAsync[TState,TResult](TState state, Func`4 operation, Func`4 verifySucceeded, CancellationToken cancellationToken)
   at Microsoft.EntityFrameworkCore.DbContext.SaveChangesAsync(Boolean acceptAllChangesOnSuccess, CancellationToken cancellationToken)Microsoft.EntityFrameworkCore.DbUpdateException: An error occurred while saving the entity changes. See the inner exception for details.
 ---> Microsoft.Data.SqlClient.SqlException (0x80131904): The UPDATE statement conflicted with the FOREIGN KEY constraint "FK_Cities_Countries_CountryId". The conflict occurred in database "PB101CourseDb", table "dbo.Countries", column 'Id'.
The statement has been terminated.
   at Microsoft.Data.SqlClient.SqlCommand.<>c.<ExecuteDbDataReaderAsync>b__189_0(Task`1 result)
   at System.Threading.Tasks.ContinuationResultTaskFromResultTask`2.InnerInvoke()
   at System.Threading.Tasks.Task.<>c.<.cctor>b__272_0(Object obj)
   at System.Threading.ExecutionContext.RunInternal(ExecutionContext executionContext, ContextCallback callback, Object state)
--- End of stack trace from previous location ---
   at System.Threading.Tasks.Task.ExecuteWithThreadLocal(Task& currentTaskSlot, Thread threadPoolThread)
--- End of stack trace from previous location ---
   at Microsoft.EntityFrameworkCore.Storage.RelationalCommand.ExecuteReaderAsync(RelationalCommandParameterObject parameterObject, CancellationToken cancellationToken)
   at Microsoft.EntityFrameworkCore.Storage.RelationalCommand.ExecuteReaderAsync(RelationalCommandParameterObject parameterObject, CancellationToken cancellationToken)
   at Microsoft.EntityFrameworkCore.Update.ReaderModificationCommandBatch.ExecuteAsync(IRelationalConnection connection, CancellationToken cancellationToken)
ClientConnectionId:3ab25720-3a0e-465e-89ba-2d7622533924
Error Number:547,State:0,Class:16
   --- End of inner exception stack trace ---
   at Microsoft.EntityFrameworkCore.Update.ReaderModificationCommandBatch.ExecuteAsync(IRelationalConnection connection, CancellationToken cancellationToken)
   at Microsoft.EntityFrameworkCore.Update.Internal.BatchExecutor.ExecuteAsync(IEnumerable`1 commandBatches, IRelationalConnection connection, CancellationToken cancellationToken)
   at Microsoft.EntityFrameworkCore.Update.Internal.BatchExecutor.ExecuteAsync(IEnumerable`1 commandBatches, IRelationalConnection connection, CancellationToken cancellationToken)
   at Microsoft.EntityFrameworkCore.Update.Internal.BatchExecutor.ExecuteAsync(IEnumerable`1 commandBatches, IRelationalConnection connection, CancellationToken cancellationToken)
   at Microsoft.EntityFrameworkCore.ChangeTracking.Internal.StateManager.SaveChangesAsync(IList`1 entriesToSave, CancellationToken cancellationToken)
   at Microsoft.EntityFrameworkCore.ChangeTracking.Internal.StateManager.SaveChangesAsync(StateManager stateManager, Boolean acceptAllChangesOnSuccess, CancellationToken cancellationToken)
   at Microsoft.EntityFrameworkCore.SqlServer.Storage.Internal.SqlServerExecutionStrategy.ExecuteAsync[TState,TResult](TState state, Func`4 operation, Func`4 verifySucceeded, CancellationToken cancellationToken)
   at Microsoft.EntityFrameworkCore.DbContext.SaveChangesAsync(Boolean acceptAllChangesOnSuccess, CancellationToken cancellationToken)

2024-07-03 01:29:07.451 +04:00  INF  Executed action App.Controllers.Admin.CityController.Edit (App) in 322.3063ms
2024-07-03 01:29:07.452 +04:00  INF  Executed endpoint 'App.Controllers.Admin.CityController.Edit (App)'
2024-07-03 01:29:07.481 +04:00  ERR  An unhandled exception has occurred while executing the request.Microsoft.EntityFrameworkCore.DbUpdateException: An error occurred while saving the entity changes. See the inner exception for details.
 ---> Microsoft.Data.SqlClient.SqlException (0x80131904): The UPDATE statement conflicted with the FOREIGN KEY constraint "FK_Cities_Countries_CountryId". The conflict occurred in database "PB101CourseDb", table "dbo.Countries", column 'Id'.
The statement has been terminated.
   at Microsoft.Data.SqlClient.SqlCommand.<>c.<ExecuteDbDataReaderAsync>b__189_0(Task`1 result)
   at System.Threading.Tasks.ContinuationResultTaskFromResultTask`2.InnerInvoke()
   at System.Threading.Tasks.Task.<>c.<.cctor>b__272_0(Object obj)
   at System.Threading.ExecutionContext.RunInternal(ExecutionContext executionContext, ContextCallback callback, Object state)
--- End of stack trace from previous location ---
   at System.Threading.Tasks.Task.ExecuteWithThreadLocal(Task& currentTaskSlot, Thread threadPoolThread)
--- End of stack trace from previous location ---
   at Microsoft.EntityFrameworkCore.Storage.RelationalCommand.ExecuteReaderAsync(RelationalCommandParameterObject parameterObject, CancellationToken cancellationToken)
   at Microsoft.EntityFrameworkCore.Storage.RelationalCommand.ExecuteReaderAsync(RelationalCommandParameterObject parameterObject, CancellationToken cancellationToken)
   at Microsoft.EntityFrameworkCore.Update.ReaderModificationCommandBatch.ExecuteAsync(IRelationalConnection connection, CancellationToken cancellationToken)
ClientConnectionId:3ab25720-3a0e-465e-89ba-2d7622533924
Error Number:547,State:0,Class:16
   --- End of inner exception stack trace ---
   at Microsoft.EntityFrameworkCore.Update.ReaderModificationCommandBatch.ExecuteAsync(IRelationalConnection connection, CancellationToken cancellationToken)
   at Microsoft.EntityFrameworkCore.Update.Internal.BatchExecutor.ExecuteAsync(IEnumerable`1 commandBatches, IRelationalConnection connection, CancellationToken cancellationToken)
   at Microsoft.EntityFrameworkCore.Update.Internal.BatchExecutor.ExecuteAsync(IEnumerable`1 commandBatches, IRelationalConnection connection, CancellationToken cancellationToken)
   at Microsoft.EntityFrameworkCore.Update.Internal.BatchExecutor.ExecuteAsync(IEnumerable`1 commandBatches, IRelationalConnection connection, CancellationToken cancellationToken)
   at Microsoft.EntityFrameworkCore.ChangeTracking.Internal.StateManager.SaveChangesAsync(IList`1 entriesToSave, CancellationToken cancellationToken)
   at Microsoft.EntityFrameworkCore.ChangeTracking.Internal.StateManager.SaveChangesAsync(StateManager stateManager, Boolean acceptAllChangesOnSuccess, CancellationToken cancellationToken)
   at Microsoft.EntityFrameworkCore.SqlServer.Storage.Internal.SqlServerExecutionStrategy.ExecuteAsync[TState,TResult](TState state, Func`4 operation, Func`4 verifySucceeded, CancellationToken cancellationToken)
   at Microsoft.EntityFrameworkCore.DbContext.SaveChangesAsync(Boolean acceptAllChangesOnSuccess, CancellationToken cancellationToken)
   at Microsoft.EntityFrameworkCore.DbContext.SaveChangesAsync(Boolean acceptAllChangesOnSuccess, CancellationToken cancellationToken)
   at Repository.Repositories.BaseRepository`1.EditAsync(T entity) in C:\Users\user\Desktop\For Programing Education\BACKEND\API\AppApiCavidBashirov\CavBashirov\AppCourse\Repository\Repositories\BaseRepository.cs:line 36
   at Service.Services.CityService.EditAsync(Int32 id, CityEditDto model) in C:\Users\user\Desktop\For Programing Education\BACKEND\API\AppApiCavidBashirov\CavBashirov\AppCourse\Service\Services\CityService.cs:line 69
   at App.Controllers.Admin.CityController.Edit(Int32 id, CityEditDto request) in C:\Users\user\Desktop\For Programing Education\BACKEND\API\AppApiCavidBashirov\CavBashirov\AppCourse\App\Controllers\Admin\CityController.cs:line 55
   at Microsoft.AspNetCore.Mvc.Infrastructure.ActionMethodExecutor.TaskOfIActionResultExecutor.Execute(IActionResultTypeMapper mapper, ObjectMethodExecutor executor, Object controller, Object[] arguments)
   at Microsoft.AspNetCore.Mvc.Infrastructure.ControllerActionInvoker.<InvokeActionMethodAsync>g__Awaited|12_0(ControllerActionInvoker invoker, ValueTask`1 actionResultValueTask)
   at Microsoft.AspNetCore.Mvc.Infrastructure.ControllerActionInvoker.<InvokeNextActionFilterAsync>g__Awaited|10_0(ControllerActionInvoker invoker, Task lastTask, State next, Scope scope, Object state, Boolean isCompleted)
   at Microsoft.AspNetCore.Mvc.Infrastructure.ControllerActionInvoker.Rethrow(ActionExecutedContextSealed context)
   at Microsoft.AspNetCore.Mvc.Infrastructure.ControllerActionInvoker.Next(State& next, Scope& scope, Object& state, Boolean& isCompleted)
   at Microsoft.AspNetCore.Mvc.Infrastructure.ControllerActionInvoker.<InvokeInnerFilterAsync>g__Awaited|13_0(ControllerActionInvoker invoker, Task lastTask, State next, Scope scope, Object state, Boolean isCompleted)
   at Microsoft.AspNetCore.Mvc.Infrastructure.ResourceInvoker.<InvokeFilterPipelineAsync>g__Awaited|20_0(ResourceInvoker invoker, Task lastTask, State next, Scope scope, Object state, Boolean isCompleted)
   at Microsoft.AspNetCore.Mvc.Infrastructure.ResourceInvoker.<InvokeAsync>g__Logged|17_1(ResourceInvoker invoker)
   at Microsoft.AspNetCore.Mvc.Infrastructure.ResourceInvoker.<InvokeAsync>g__Logged|17_1(ResourceInvoker invoker)
   at Microsoft.AspNetCore.Routing.EndpointMiddleware.<Invoke>g__AwaitRequestTask|6_0(Endpoint endpoint, Task requestTask, ILogger logger)
   at Microsoft.AspNetCore.Authorization.AuthorizationMiddleware.Invoke(HttpContext context)
   at Swashbuckle.AspNetCore.SwaggerUI.SwaggerUIMiddleware.Invoke(HttpContext httpContext)
   at Swashbuckle.AspNetCore.Swagger.SwaggerMiddleware.Invoke(HttpContext httpContext, ISwaggerProvider swaggerProvider)
   at Microsoft.AspNetCore.Diagnostics.DeveloperExceptionPageMiddleware.Invoke(HttpContext context)

2024-07-03 01:29:07.487 +04:00  INF  Request finished HTTP/2 PUT https://localhost:7095/api/admin/City/Edit/6 application/json 65 - 500 - text/plain;+charset=utf-8 377.1844ms
2024-07-03 01:29:21.023 +04:00  INF  Request starting HTTP/2 PUT https://localhost:7095/api/admin/City/Edit/6 application/json 65
2024-07-03 01:29:21.023 +04:00  INF  Executing endpoint 'App.Controllers.Admin.CityController.Edit (App)'
2024-07-03 01:29:21.024 +04:00  INF  Route matched with {action = "Edit", controller = "City"}. Executing controller action with signature System.Threading.Tasks.Task`1[Microsoft.AspNetCore.Mvc.IActionResult] Edit(Int32, Service.DTOs.Admin.Cities.CityEditDto) on controller App.Controllers.Admin.CityController (App).
2024-07-03 01:29:21.065 +04:00  INF  Entity Framework Core 6.0.31 initialized 'AppDbContext' using provider 'Microsoft.EntityFrameworkCore.SqlServer:6.0.31' with options: None
2024-07-03 01:29:21.073 +04:00  INF  Executed DbCommand (1ms) [Parameters=[@__id_0='?' (DbType = Int32)], CommandType='"Text"', CommandTimeout='30']
SELECT TOP(1) [c].[Id], [c].[CountryId], [c].[CreatedDate], [c].[Name], [c].[Population], [c].[SoftDelete]
FROM [Cities] AS [c]
WHERE [c].[Id] = @__id_0
2024-07-03 01:29:21.076 +04:00  INF  Executed DbCommand (1ms) [Parameters=[@p5='?' (DbType = Int32), @p0='?' (DbType = Int32), @p1='?' (DbType = DateTime2), @p2='?' (Size = 50), @p3='?' (DbType = Int32), @p4='?' (DbType = Boolean)], CommandType='"Text"', CommandTimeout='30']
SET NOCOUNT ON;
UPDATE [Cities] SET [CountryId] = @p0, [CreatedDate] = @p1, [Name] = @p2, [Population] = @p3, [SoftDelete] = @p4
WHERE [Id] = @p5;
SELECT @@ROWCOUNT;
2024-07-03 01:29:21.108 +04:00  INF  Executing StatusCodeResult, setting HTTP status code 204
2024-07-03 01:29:21.108 +04:00  INF  Executed action App.Controllers.Admin.CityController.Edit (App) in 84.4072ms
2024-07-03 01:29:21.108 +04:00  INF  Executed endpoint 'App.Controllers.Admin.CityController.Edit (App)'
2024-07-03 01:29:21.108 +04:00  INF  Request finished HTTP/2 PUT https://localhost:7095/api/admin/City/Edit/6 application/json 65 - 204 - - 85.3374ms
2024-07-03 01:29:27.605 +04:00  INF  Request starting HTTP/2 GET https://localhost:7095/api/admin/City/GetAll - -
2024-07-03 01:29:27.605 +04:00  INF  Executing endpoint 'App.Controllers.Admin.CityController.GetAll (App)'
2024-07-03 01:29:27.605 +04:00  INF  Route matched with {action = "GetAll", controller = "City"}. Executing controller action with signature System.Threading.Tasks.Task`1[Microsoft.AspNetCore.Mvc.IActionResult] GetAll() on controller App.Controllers.Admin.CityController (App).
2024-07-03 01:29:27.606 +04:00  INF  Entity Framework Core 6.0.31 initialized 'AppDbContext' using provider 'Microsoft.EntityFrameworkCore.SqlServer:6.0.31' with options: None
2024-07-03 01:29:27.607 +04:00  INF  Executed DbCommand (1ms) [Parameters=[], CommandType='"Text"', CommandTimeout='30']
SELECT [c].[Id], [c].[CountryId], [c].[CreatedDate], [c].[Name], [c].[Population], [c].[SoftDelete], [c0].[Id], [c0].[CreatedDate], [c0].[Name], [c0].[SoftDelete]
FROM [Cities] AS [c]
INNER JOIN [Countries] AS [c0] ON [c].[CountryId] = [c0].[Id]
2024-07-03 01:29:27.611 +04:00  INF  Executing OkObjectResult, writing value of type 'System.Collections.Generic.List`1[[Service.DTOs.Admin.Cities.CityDto, Service, Version=1.0.0.0, Culture=neutral, PublicKeyToken=null]]'.
2024-07-03 01:29:27.612 +04:00  INF  Executed action App.Controllers.Admin.CityController.GetAll (App) in 6.8641ms
2024-07-03 01:29:27.612 +04:00  INF  Executed endpoint 'App.Controllers.Admin.CityController.GetAll (App)'
2024-07-03 01:29:27.612 +04:00  INF  Request finished HTTP/2 GET https://localhost:7095/api/admin/City/GetAll - - - 200 - application/json;+charset=utf-8 7.5988ms
2024-07-03 01:29:40.299 +04:00  INF  Request starting HTTP/2 DELETE https://localhost:7095/api/admin/City/Delete/6 - -
2024-07-03 01:29:40.299 +04:00  INF  Executing endpoint 'App.Controllers.Admin.CityController.Delete (App)'
2024-07-03 01:29:40.327 +04:00  INF  Route matched with {action = "Delete", controller = "City"}. Executing controller action with signature System.Threading.Tasks.Task`1[Microsoft.AspNetCore.Mvc.IActionResult] Delete(Int32) on controller App.Controllers.Admin.CityController (App).
2024-07-03 01:29:40.328 +04:00  INF  Entity Framework Core 6.0.31 initialized 'AppDbContext' using provider 'Microsoft.EntityFrameworkCore.SqlServer:6.0.31' with options: None
2024-07-03 01:29:40.332 +04:00  INF  Executed DbCommand (1ms) [Parameters=[@__id_0='?' (DbType = Int32)], CommandType='"Text"', CommandTimeout='30']
SELECT TOP(1) [c].[Id], [c].[CountryId], [c].[CreatedDate], [c].[Name], [c].[Population], [c].[SoftDelete]
FROM [Cities] AS [c]
WHERE [c].[Id] = @__id_0
2024-07-03 01:29:40.353 +04:00  INF  Executed DbCommand (0ms) [Parameters=[@p0='?' (DbType = Int32)], CommandType='"Text"', CommandTimeout='30']
SET NOCOUNT ON;
DELETE FROM [Cities]
WHERE [Id] = @p0;
SELECT @@ROWCOUNT;
2024-07-03 01:29:40.360 +04:00  INF  Executing StatusCodeResult, setting HTTP status code 204
2024-07-03 01:29:40.360 +04:00  INF  Executed action App.Controllers.Admin.CityController.Delete (App) in 33.1041ms
2024-07-03 01:29:40.360 +04:00  INF  Executed endpoint 'App.Controllers.Admin.CityController.Delete (App)'
2024-07-03 01:29:40.360 +04:00  INF  Request finished HTTP/2 DELETE https://localhost:7095/api/admin/City/Delete/6 - - - 204 - - 61.3146ms
2024-07-03 01:30:23.762 +04:00  INF  Request starting HTTP/2 GET https://localhost:7095/api/admin/City/GetAll - -
2024-07-03 01:30:23.762 +04:00  INF  Executing endpoint 'App.Controllers.Admin.CityController.GetAll (App)'
2024-07-03 01:30:23.762 +04:00  INF  Route matched with {action = "GetAll", controller = "City"}. Executing controller action with signature System.Threading.Tasks.Task`1[Microsoft.AspNetCore.Mvc.IActionResult] GetAll() on controller App.Controllers.Admin.CityController (App).
2024-07-03 01:30:23.763 +04:00  INF  Entity Framework Core 6.0.31 initialized 'AppDbContext' using provider 'Microsoft.EntityFrameworkCore.SqlServer:6.0.31' with options: None
2024-07-03 01:30:23.766 +04:00  INF  Executed DbCommand (3ms) [Parameters=[], CommandType='"Text"', CommandTimeout='30']
SELECT [c].[Id], [c].[CountryId], [c].[CreatedDate], [c].[Name], [c].[Population], [c].[SoftDelete], [c0].[Id], [c0].[CreatedDate], [c0].[Name], [c0].[SoftDelete]
FROM [Cities] AS [c]
INNER JOIN [Countries] AS [c0] ON [c].[CountryId] = [c0].[Id]
2024-07-03 01:30:23.768 +04:00  INF  Executing OkObjectResult, writing value of type 'System.Collections.Generic.List`1[[Service.DTOs.Admin.Cities.CityDto, Service, Version=1.0.0.0, Culture=neutral, PublicKeyToken=null]]'.
2024-07-03 01:30:23.768 +04:00  INF  Executed action App.Controllers.Admin.CityController.GetAll (App) in 6.0955ms
2024-07-03 01:30:23.768 +04:00  INF  Executed endpoint 'App.Controllers.Admin.CityController.GetAll (App)'
2024-07-03 01:30:23.769 +04:00  INF  Request finished HTTP/2 GET https://localhost:7095/api/admin/City/GetAll - - - 200 - application/json;+charset=utf-8 6.7828ms
2024-07-03 01:33:56.663 +04:00  INF  Request starting HTTP/2 GET https://localhost:7095/api/admin/City/GetAll - -
2024-07-03 01:33:56.663 +04:00  INF  Executing endpoint 'App.Controllers.Admin.CityController.GetAll (App)'
2024-07-03 01:33:56.663 +04:00  INF  Route matched with {action = "GetAll", controller = "City"}. Executing controller action with signature System.Threading.Tasks.Task`1[Microsoft.AspNetCore.Mvc.IActionResult] GetAll() on controller App.Controllers.Admin.CityController (App).
2024-07-03 01:33:56.664 +04:00  INF  Entity Framework Core 6.0.31 initialized 'AppDbContext' using provider 'Microsoft.EntityFrameworkCore.SqlServer:6.0.31' with options: None
2024-07-03 01:33:56.682 +04:00  INF  Executed DbCommand (17ms) [Parameters=[], CommandType='"Text"', CommandTimeout='30']
SELECT [c].[Id], [c].[CountryId], [c].[CreatedDate], [c].[Name], [c].[Population], [c].[SoftDelete], [c0].[Id], [c0].[CreatedDate], [c0].[Name], [c0].[SoftDelete]
FROM [Cities] AS [c]
INNER JOIN [Countries] AS [c0] ON [c].[CountryId] = [c0].[Id]
2024-07-03 01:33:56.683 +04:00  INF  Executing OkObjectResult, writing value of type 'System.Collections.Generic.List`1[[Service.DTOs.Admin.Cities.CityDto, Service, Version=1.0.0.0, Culture=neutral, PublicKeyToken=null]]'.
2024-07-03 01:33:56.683 +04:00  INF  Executed action App.Controllers.Admin.CityController.GetAll (App) in 19.5608ms
2024-07-03 01:33:56.683 +04:00  INF  Executed endpoint 'App.Controllers.Admin.CityController.GetAll (App)'
2024-07-03 01:33:56.683 +04:00  INF  Request finished HTTP/2 GET https://localhost:7095/api/admin/City/GetAll - - - 200 - application/json;+charset=utf-8 20.5706ms
2024-07-03 01:40:57.405 +04:00  INF  Now listening on: https://localhost:7095
2024-07-03 01:40:57.434 +04:00  INF  Now listening on: http://localhost:5035
2024-07-03 01:40:57.439 +04:00  INF  Application started. Press Ctrl+C to shut down.
2024-07-03 01:40:57.439 +04:00  INF  Hosting environment: Development
2024-07-03 01:40:57.439 +04:00  INF  Content root path: C:\Users\user\Desktop\For Programing Education\BACKEND\API\AppApiCavidBashirov\CavBashirov\AppCourse\App\
2024-07-03 01:40:57.925 +04:00  INF  Request starting HTTP/2 GET https://localhost:7095/swagger/index.html - -
2024-07-03 01:40:58.336 +04:00  INF  Request finished HTTP/2 GET https://localhost:7095/swagger/index.html - - - 200 - text/html;charset=utf-8 416.0439ms
2024-07-03 01:40:58.375 +04:00  INF  Request starting HTTP/2 GET https://localhost:7095/_framework/aspnetcore-browser-refresh.js - -
2024-07-03 01:40:58.375 +04:00  INF  Request starting HTTP/2 GET https://localhost:7095/_vs/browserLink - -
2024-07-03 01:40:58.377 +04:00  INF  Request finished HTTP/2 GET https://localhost:7095/_framework/aspnetcore-browser-refresh.js - - - 200 12338 application/javascript;+charset=utf-8 2.7480ms
2024-07-03 01:40:58.433 +04:00  INF  Request finished HTTP/2 GET https://localhost:7095/_vs/browserLink - - - 200 - text/javascript;+charset=UTF-8 58.2610ms
2024-07-03 01:40:58.839 +04:00  INF  Request starting HTTP/2 GET https://localhost:7095/swagger/v1/swagger.json - -
2024-07-03 01:40:59.018 +04:00  INF  Request finished HTTP/2 GET https://localhost:7095/swagger/v1/swagger.json - - - 200 - application/json;charset=utf-8 178.6476ms
2024-07-03 01:44:08.344 +04:00  INF  Now listening on: https://localhost:7095
2024-07-03 01:44:08.407 +04:00  INF  Now listening on: http://localhost:5035
2024-07-03 01:44:08.414 +04:00  INF  Application started. Press Ctrl+C to shut down.
2024-07-03 01:44:08.415 +04:00  INF  Hosting environment: Development
2024-07-03 01:44:08.415 +04:00  INF  Content root path: C:\Users\user\Desktop\For Programing Education\BACKEND\API\AppApiCavidBashirov\CavBashirov\AppCourse\App\
2024-07-03 01:44:08.505 +04:00  INF  Request starting HTTP/2 GET https://localhost:7095/swagger/index.html - -
2024-07-03 01:44:08.806 +04:00  INF  Request finished HTTP/2 GET https://localhost:7095/swagger/index.html - - - 200 - text/html;charset=utf-8 304.2531ms
2024-07-03 01:44:08.922 +04:00  INF  Request starting HTTP/2 GET https://localhost:7095/_framework/aspnetcore-browser-refresh.js - -
2024-07-03 01:44:08.922 +04:00  INF  Request starting HTTP/2 GET https://localhost:7095/_vs/browserLink - -
2024-07-03 01:44:08.924 +04:00  INF  Request finished HTTP/2 GET https://localhost:7095/_framework/aspnetcore-browser-refresh.js - - - 200 12338 application/javascript;+charset=utf-8 2.3070ms
2024-07-03 01:44:08.982 +04:00  INF  Request finished HTTP/2 GET https://localhost:7095/_vs/browserLink - - - 200 - text/javascript;+charset=UTF-8 59.9255ms
2024-07-03 01:44:09.278 +04:00  INF  Request starting HTTP/2 GET https://localhost:7095/swagger/v1/swagger.json - -
2024-07-03 01:44:09.431 +04:00  INF  Request finished HTTP/2 GET https://localhost:7095/swagger/v1/swagger.json - - - 200 - application/json;charset=utf-8 153.1177ms
2024-07-03 01:44:17.403 +04:00  INF  Request starting HTTP/2 GET https://localhost:7095/swagger/index.html - -
2024-07-03 01:44:17.410 +04:00  INF  Request finished HTTP/2 GET https://localhost:7095/swagger/index.html - - - 200 - text/html;charset=utf-8 6.7325ms
2024-07-03 01:44:17.471 +04:00  INF  Request starting HTTP/2 GET https://localhost:7095/_vs/browserLink - -
2024-07-03 01:44:17.482 +04:00  INF  Request starting HTTP/2 GET https://localhost:7095/_framework/aspnetcore-browser-refresh.js - -
2024-07-03 01:44:17.482 +04:00  INF  Request finished HTTP/2 GET https://localhost:7095/_framework/aspnetcore-browser-refresh.js - - - 200 12338 application/javascript;+charset=utf-8 0.3794ms
2024-07-03 01:44:17.497 +04:00  INF  Request finished HTTP/2 GET https://localhost:7095/_vs/browserLink - - - 200 - text/javascript;+charset=UTF-8 26.1540ms
2024-07-03 01:44:17.570 +04:00  INF  Request starting HTTP/2 GET https://localhost:7095/swagger/v1/swagger.json - -
2024-07-03 01:44:17.617 +04:00  INF  Request finished HTTP/2 GET https://localhost:7095/swagger/v1/swagger.json - - - 200 - application/json;charset=utf-8 46.8805ms
2024-07-03 01:44:28.217 +04:00  INF  Request starting HTTP/2 GET https://localhost:7095/api/admin/Group/GetAll - -
2024-07-03 01:44:28.231 +04:00  INF  Executing endpoint 'App.Controllers.Admin.GroupController.GetAll (App)'
2024-07-03 01:44:28.272 +04:00  INF  Route matched with {action = "GetAll", controller = "Group"}. Executing controller action with signature System.Threading.Tasks.Task`1[Microsoft.AspNetCore.Mvc.IActionResult] GetAll() on controller App.Controllers.Admin.GroupController (App).
2024-07-03 01:44:29.024 +04:00  WRN  No store type was specified for the decimal property 'Salary' on entity type 'Teacher'. This will cause values to be silently truncated if they do not fit in the default precision and scale. Explicitly specify the SQL server column type that can accommodate all the values in 'OnModelCreating' using 'HasColumnType', specify precision and scale using 'HasPrecision', or configure a value converter using 'HasConversion'.
2024-07-03 01:44:29.168 +04:00  INF  Entity Framework Core 6.0.31 initialized 'AppDbContext' using provider 'Microsoft.EntityFrameworkCore.SqlServer:6.0.31' with options: None
2024-07-03 01:44:29.602 +04:00  WRN  Compiling a query which loads related collections for more than one collection navigation, either via 'Include' or through projection, but no 'QuerySplittingBehavior' has been configured. By default, Entity Framework will use 'QuerySplittingBehavior.SingleQuery', which can potentially result in slow query performance. See https://go.microsoft.com/fwlink/?linkid=2134277 for more information. To identify the query that's triggering this warning call 'ConfigureWarnings(w => w.Throw(RelationalEventId.MultipleCollectionIncludeWarning))'.
2024-07-03 01:44:29.938 +04:00  INF  Executed DbCommand (59ms) [Parameters=[], CommandType='"Text"', CommandTimeout='30']
SELECT [g].[Id], [g].[Capacity], [g].[CreatedDate], [g].[EducationId], [g].[Name], [g].[RoomId], [g].[SoftDelete], [e].[Id], [e].[CreatedDate], [e].[Name], [e].[SoftDelete], [r].[Id], [r].[CreatedDate], [r].[Name], [r].[SeatCount], [r].[SoftDelete], [t0].[Id], [t0].[CreatedDate], [t0].[GroupId], [t0].[SoftDelete], [t0].[TeacherId], [t0].[Id0], [t0].[Age], [t0].[CreatedDate0], [t0].[Email], [t0].[Name], [t0].[Salary], [t0].[SoftDelete0], [t0].[Surname], [t1].[Id], [t1].[CreatedDate], [t1].[GroupId], [t1].[SoftDelete], [t1].[StudentId], [t1].[Id0], [t1].[Address], [t1].[Age], [t1].[CreatedDate0], [t1].[Email], [t1].[Name], [t1].[SoftDelete0], [t1].[Surname]
FROM [Groups] AS [g]
INNER JOIN [Educations] AS [e] ON [g].[EducationId] = [e].[Id]
INNER JOIN [Rooms] AS [r] ON [g].[RoomId] = [r].[Id]
LEFT JOIN (
    SELECT [g0].[Id], [g0].[CreatedDate], [g0].[GroupId], [g0].[SoftDelete], [g0].[TeacherId], [t].[Id] AS [Id0], [t].[Age], [t].[CreatedDate] AS [CreatedDate0], [t].[Email], [t].[Name], [t].[Salary], [t].[SoftDelete] AS [SoftDelete0], [t].[Surname]
    FROM [GroupTeachers] AS [g0]
    INNER JOIN [Teachers] AS [t] ON [g0].[TeacherId] = [t].[Id]
) AS [t0] ON [g].[Id] = [t0].[GroupId]
LEFT JOIN (
    SELECT [g1].[Id], [g1].[CreatedDate], [g1].[GroupId], [g1].[SoftDelete], [g1].[StudentId], [s].[Id] AS [Id0], [s].[Address], [s].[Age], [s].[CreatedDate] AS [CreatedDate0], [s].[Email], [s].[Name], [s].[SoftDelete] AS [SoftDelete0], [s].[Surname]
    FROM [GroupStudents] AS [g1]
    INNER JOIN [Students] AS [s] ON [g1].[StudentId] = [s].[Id]
) AS [t1] ON [g].[Id] = [t1].[GroupId]
ORDER BY [g].[Id], [e].[Id], [r].[Id], [t0].[Id], [t0].[Id0], [t1].[Id]
2024-07-03 01:44:30.106 +04:00  INF  Executing OkObjectResult, writing value of type 'System.Collections.Generic.List`1[[Service.DTOs.Admin.Groups.GroupDto, Service, Version=1.0.0.0, Culture=neutral, PublicKeyToken=null]]'.
2024-07-03 01:44:30.122 +04:00  INF  Executed action App.Controllers.Admin.GroupController.GetAll (App) in 1843.6009ms
2024-07-03 01:44:30.122 +04:00  INF  Executed endpoint 'App.Controllers.Admin.GroupController.GetAll (App)'
2024-07-03 01:44:30.127 +04:00  INF  Request finished HTTP/2 GET https://localhost:7095/api/admin/Group/GetAll - - - 200 - application/json;+charset=utf-8 1910.2999ms
2024-07-03 01:44:57.196 +04:00  INF  Request starting HTTP/2 POST https://localhost:7095/api/admin/Group/Create application/json 95
2024-07-03 01:44:57.200 +04:00  INF  Executing endpoint 'App.Controllers.Admin.GroupController.Create (App)'
2024-07-03 01:44:57.220 +04:00  INF  Route matched with {action = "Create", controller = "Group"}. Executing controller action with signature System.Threading.Tasks.Task`1[Microsoft.AspNetCore.Mvc.IActionResult] Create(Service.DTOs.Admin.Groups.GroupCreateDto) on controller App.Controllers.Admin.GroupController (App).
2024-07-03 01:44:57.274 +04:00  INF  Entity Framework Core 6.0.31 initialized 'AppDbContext' using provider 'Microsoft.EntityFrameworkCore.SqlServer:6.0.31' with options: None
2024-07-03 01:44:57.537 +04:00  INF  Executed DbCommand (33ms) [Parameters=[@p0='?' (DbType = Int32), @p1='?' (DbType = DateTime2), @p2='?' (DbType = Int32), @p3='?' (Size = 4000), @p4='?' (DbType = Int32), @p5='?' (DbType = Boolean)], CommandType='"Text"', CommandTimeout='30']
SET NOCOUNT ON;
INSERT INTO [Groups] ([Capacity], [CreatedDate], [EducationId], [Name], [RoomId], [SoftDelete])
VALUES (@p0, @p1, @p2, @p3, @p4, @p5);
SELECT [Id]
FROM [Groups]
WHERE @@ROWCOUNT = 1 AND [Id] = scope_identity();
2024-07-03 01:44:57.591 +04:00  INF  Executed DbCommand (3ms) [Parameters=[@p0='?' (DbType = DateTime2), @p1='?' (DbType = Int32), @p2='?' (DbType = Boolean), @p3='?' (DbType = Int32)], CommandType='"Text"', CommandTimeout='30']
SET NOCOUNT ON;
INSERT INTO [GroupTeachers] ([CreatedDate], [GroupId], [SoftDelete], [TeacherId])
VALUES (@p0, @p1, @p2, @p3);
SELECT [Id]
FROM [GroupTeachers]
WHERE @@ROWCOUNT = 1 AND [Id] = scope_identity();
2024-07-03 01:44:57.596 +04:00  INF  Executing CreatedAtActionResult, writing value of type '<>f__AnonymousType0`1[[System.String, System.Private.CoreLib, Version=6.0.0.0, Culture=neutral, PublicKeyToken=7cec85d7bea7798e]]'.
2024-07-03 01:44:57.617 +04:00  INF  Executed action App.Controllers.Admin.GroupController.Create (App) in 396.6378ms
2024-07-03 01:44:57.618 +04:00  INF  Executed endpoint 'App.Controllers.Admin.GroupController.Create (App)'
2024-07-03 01:44:57.618 +04:00  INF  Request finished HTTP/2 POST https://localhost:7095/api/admin/Group/Create application/json 95 - 201 - application/json;+charset=utf-8 422.1618ms
2024-07-03 01:45:02.835 +04:00  INF  Request starting HTTP/2 GET https://localhost:7095/api/admin/Group/GetAll - -
2024-07-03 01:45:02.835 +04:00  INF  Executing endpoint 'App.Controllers.Admin.GroupController.GetAll (App)'
2024-07-03 01:45:02.835 +04:00  INF  Route matched with {action = "GetAll", controller = "Group"}. Executing controller action with signature System.Threading.Tasks.Task`1[Microsoft.AspNetCore.Mvc.IActionResult] GetAll() on controller App.Controllers.Admin.GroupController (App).
2024-07-03 01:45:02.858 +04:00  INF  Entity Framework Core 6.0.31 initialized 'AppDbContext' using provider 'Microsoft.EntityFrameworkCore.SqlServer:6.0.31' with options: None
2024-07-03 01:45:02.868 +04:00  INF  Executed DbCommand (1ms) [Parameters=[], CommandType='"Text"', CommandTimeout='30']
SELECT [g].[Id], [g].[Capacity], [g].[CreatedDate], [g].[EducationId], [g].[Name], [g].[RoomId], [g].[SoftDelete], [e].[Id], [e].[CreatedDate], [e].[Name], [e].[SoftDelete], [r].[Id], [r].[CreatedDate], [r].[Name], [r].[SeatCount], [r].[SoftDelete], [t0].[Id], [t0].[CreatedDate], [t0].[GroupId], [t0].[SoftDelete], [t0].[TeacherId], [t0].[Id0], [t0].[Age], [t0].[CreatedDate0], [t0].[Email], [t0].[Name], [t0].[Salary], [t0].[SoftDelete0], [t0].[Surname], [t1].[Id], [t1].[CreatedDate], [t1].[GroupId], [t1].[SoftDelete], [t1].[StudentId], [t1].[Id0], [t1].[Address], [t1].[Age], [t1].[CreatedDate0], [t1].[Email], [t1].[Name], [t1].[SoftDelete0], [t1].[Surname]
FROM [Groups] AS [g]
INNER JOIN [Educations] AS [e] ON [g].[EducationId] = [e].[Id]
INNER JOIN [Rooms] AS [r] ON [g].[RoomId] = [r].[Id]
LEFT JOIN (
    SELECT [g0].[Id], [g0].[CreatedDate], [g0].[GroupId], [g0].[SoftDelete], [g0].[TeacherId], [t].[Id] AS [Id0], [t].[Age], [t].[CreatedDate] AS [CreatedDate0], [t].[Email], [t].[Name], [t].[Salary], [t].[SoftDelete] AS [SoftDelete0], [t].[Surname]
    FROM [GroupTeachers] AS [g0]
    INNER JOIN [Teachers] AS [t] ON [g0].[TeacherId] = [t].[Id]
) AS [t0] ON [g].[Id] = [t0].[GroupId]
LEFT JOIN (
    SELECT [g1].[Id], [g1].[CreatedDate], [g1].[GroupId], [g1].[SoftDelete], [g1].[StudentId], [s].[Id] AS [Id0], [s].[Address], [s].[Age], [s].[CreatedDate] AS [CreatedDate0], [s].[Email], [s].[Name], [s].[SoftDelete] AS [SoftDelete0], [s].[Surname]
    FROM [GroupStudents] AS [g1]
    INNER JOIN [Students] AS [s] ON [g1].[StudentId] = [s].[Id]
) AS [t1] ON [g].[Id] = [t1].[GroupId]
ORDER BY [g].[Id], [e].[Id], [r].[Id], [t0].[Id], [t0].[Id0], [t1].[Id]
2024-07-03 01:45:02.872 +04:00  INF  Executing OkObjectResult, writing value of type 'System.Collections.Generic.List`1[[Service.DTOs.Admin.Groups.GroupDto, Service, Version=1.0.0.0, Culture=neutral, PublicKeyToken=null]]'.
2024-07-03 01:45:02.872 +04:00  INF  Executed action App.Controllers.Admin.GroupController.GetAll (App) in 36.6271ms
2024-07-03 01:45:02.872 +04:00  INF  Executed endpoint 'App.Controllers.Admin.GroupController.GetAll (App)'
2024-07-03 01:45:02.872 +04:00  INF  Request finished HTTP/2 GET https://localhost:7095/api/admin/Group/GetAll - - - 200 - application/json;+charset=utf-8 37.3458ms
2024-07-03 01:45:16.298 +04:00  INF  Request starting HTTP/2 GET https://localhost:7095/api/admin/Teacher/GetAll - -
2024-07-03 01:45:16.298 +04:00  INF  Executing endpoint 'App.Controllers.Admin.TeacherController.GetAll (App)'
2024-07-03 01:45:16.302 +04:00  INF  Route matched with {action = "GetAll", controller = "Teacher"}. Executing controller action with signature System.Threading.Tasks.Task`1[Microsoft.AspNetCore.Mvc.IActionResult] GetAll() on controller App.Controllers.Admin.TeacherController (App).
2024-07-03 01:45:16.303 +04:00  INF  Entity Framework Core 6.0.31 initialized 'AppDbContext' using provider 'Microsoft.EntityFrameworkCore.SqlServer:6.0.31' with options: None
2024-07-03 01:45:16.314 +04:00  INF  Executed DbCommand (1ms) [Parameters=[], CommandType='"Text"', CommandTimeout='30']
SELECT [t].[Id], [t].[Age], [t].[CreatedDate], [t].[Email], [t].[Name], [t].[Salary], [t].[SoftDelete], [t].[Surname]
FROM [Teachers] AS [t]
2024-07-03 01:45:16.320 +04:00  INF  Executing OkObjectResult, writing value of type 'System.Collections.Generic.List`1[[Service.DTOs.Admin.Teachers.TeacherDto, Service, Version=1.0.0.0, Culture=neutral, PublicKeyToken=null]]'.
2024-07-03 01:45:16.321 +04:00  INF  Executed action App.Controllers.Admin.TeacherController.GetAll (App) in 19.0336ms
2024-07-03 01:45:16.321 +04:00  INF  Executed endpoint 'App.Controllers.Admin.TeacherController.GetAll (App)'
2024-07-03 01:45:16.321 +04:00  INF  Request finished HTTP/2 GET https://localhost:7095/api/admin/Teacher/GetAll - - - 200 - application/json;+charset=utf-8 23.6958ms
2024-07-03 01:53:27.823 +04:00  INF  Now listening on: https://localhost:7095
2024-07-03 01:53:27.858 +04:00  INF  Now listening on: http://localhost:5035
2024-07-03 01:53:27.867 +04:00  INF  Application started. Press Ctrl+C to shut down.
2024-07-03 01:53:27.867 +04:00  INF  Hosting environment: Development
2024-07-03 01:53:27.868 +04:00  INF  Content root path: C:\Users\user\Desktop\For Programing Education\BACKEND\API\AppApiCavidBashirov\CavBashirov\AppCourse\App\
2024-07-03 01:53:28.174 +04:00  INF  Request starting HTTP/2 GET https://localhost:7095/swagger/index.html - -
2024-07-03 01:53:28.481 +04:00  INF  Request finished HTTP/2 GET https://localhost:7095/swagger/index.html - - - 200 - text/html;charset=utf-8 309.7292ms
2024-07-03 01:53:28.700 +04:00  INF  Request starting HTTP/2 GET https://localhost:7095/_vs/browserLink - -
2024-07-03 01:53:28.707 +04:00  INF  Request starting HTTP/2 GET https://localhost:7095/_framework/aspnetcore-browser-refresh.js - -
2024-07-03 01:53:28.710 +04:00  INF  Request finished HTTP/2 GET https://localhost:7095/_framework/aspnetcore-browser-refresh.js - - - 200 12338 application/javascript;+charset=utf-8 2.8365ms
2024-07-03 01:53:28.786 +04:00  INF  Request finished HTTP/2 GET https://localhost:7095/_vs/browserLink - - - 200 - text/javascript;+charset=UTF-8 85.3833ms
2024-07-03 01:53:29.576 +04:00  INF  Request starting HTTP/2 GET https://localhost:7095/swagger/v1/swagger.json - -
2024-07-03 01:53:29.864 +04:00  INF  Request finished HTTP/2 GET https://localhost:7095/swagger/v1/swagger.json - - - 200 - application/json;charset=utf-8 288.0532ms
2024-07-03 01:53:57.485 +04:00  INF  Now listening on: https://localhost:7095
2024-07-03 01:53:57.517 +04:00  INF  Now listening on: http://localhost:5035
2024-07-03 01:53:57.523 +04:00  INF  Application started. Press Ctrl+C to shut down.
2024-07-03 01:53:57.523 +04:00  INF  Hosting environment: Development
2024-07-03 01:53:57.523 +04:00  INF  Content root path: C:\Users\user\Desktop\For Programing Education\BACKEND\API\AppApiCavidBashirov\CavBashirov\AppCourse\App\
2024-07-03 01:53:58.112 +04:00  INF  Request starting HTTP/2 GET https://localhost:7095/swagger/index.html - -
2024-07-03 01:53:58.430 +04:00  INF  Request finished HTTP/2 GET https://localhost:7095/swagger/index.html - - - 200 - text/html;charset=utf-8 320.9937ms
2024-07-03 01:53:58.513 +04:00  INF  Request starting HTTP/2 GET https://localhost:7095/_vs/browserLink - -
2024-07-03 01:53:58.515 +04:00  INF  Request starting HTTP/2 GET https://localhost:7095/_framework/aspnetcore-browser-refresh.js - -
2024-07-03 01:53:58.519 +04:00  INF  Request finished HTTP/2 GET https://localhost:7095/_framework/aspnetcore-browser-refresh.js - - - 200 12338 application/javascript;+charset=utf-8 3.3768ms
2024-07-03 01:53:58.581 +04:00  INF  Request finished HTTP/2 GET https://localhost:7095/_vs/browserLink - - - 200 - text/javascript;+charset=UTF-8 67.1026ms
2024-07-03 01:53:58.855 +04:00  INF  Request starting HTTP/2 GET https://localhost:7095/swagger/v1/swagger.json - -
2024-07-03 01:53:59.055 +04:00  INF  Request finished HTTP/2 GET https://localhost:7095/swagger/v1/swagger.json - - - 200 - application/json;charset=utf-8 200.1802ms
2024-07-03 01:55:10.263 +04:00  INF  Request starting HTTP/2 POST https://localhost:7095/api/admin/Teacher/Create application/json 119
2024-07-03 01:55:10.272 +04:00  INF  Executing endpoint 'App.Controllers.Admin.TeacherController.Create (App)'
2024-07-03 01:55:10.318 +04:00  INF  Route matched with {action = "Create", controller = "Teacher"}. Executing controller action with signature System.Threading.Tasks.Task`1[Microsoft.AspNetCore.Mvc.IActionResult] Create(Service.DTOs.Admin.Teachers.TeacherCreateDto) on controller App.Controllers.Admin.TeacherController (App).
2024-07-03 01:55:11.178 +04:00  WRN  No store type was specified for the decimal property 'Salary' on entity type 'Teacher'. This will cause values to be silently truncated if they do not fit in the default precision and scale. Explicitly specify the SQL server column type that can accommodate all the values in 'OnModelCreating' using 'HasColumnType', specify precision and scale using 'HasPrecision', or configure a value converter using 'HasConversion'.
2024-07-03 01:55:11.325 +04:00  INF  Entity Framework Core 6.0.31 initialized 'AppDbContext' using provider 'Microsoft.EntityFrameworkCore.SqlServer:6.0.31' with options: None
2024-07-03 01:55:12.036 +04:00  INF  Executed DbCommand (61ms) [Parameters=[@p0='?' (DbType = Int32), @p1='?' (DbType = DateTime2), @p2='?' (Size = 4000), @p3='?' (Size = 4000), @p4='?' (Precision = 18) (Scale = 2) (DbType = Decimal), @p5='?' (DbType = Boolean), @p6='?' (Size = 4000)], CommandType='"Text"', CommandTimeout='30']
SET NOCOUNT ON;
INSERT INTO [Teachers] ([Age], [CreatedDate], [Email], [Name], [Salary], [SoftDelete], [Surname])
VALUES (@p0, @p1, @p2, @p3, @p4, @p5, @p6);
SELECT [Id]
FROM [Teachers]
WHERE @@ROWCOUNT = 1 AND [Id] = scope_identity();
2024-07-03 01:55:12.100 +04:00  INF  Executing CreatedAtActionResult, writing value of type '<>f__AnonymousType0`1[[System.String, System.Private.CoreLib, Version=6.0.0.0, Culture=neutral, PublicKeyToken=7cec85d7bea7798e]]'.
2024-07-03 01:55:12.127 +04:00  INF  Executed action App.Controllers.Admin.TeacherController.Create (App) in 1802.0265ms
2024-07-03 01:55:12.127 +04:00  INF  Executed endpoint 'App.Controllers.Admin.TeacherController.Create (App)'
2024-07-03 01:55:12.133 +04:00  INF  Request finished HTTP/2 POST https://localhost:7095/api/admin/Teacher/Create application/json 119 - 201 - application/json;+charset=utf-8 1870.0638ms
2024-07-03 01:55:20.316 +04:00  INF  Request starting HTTP/2 GET https://localhost:7095/api/admin/Teacher/GetAll - -
2024-07-03 01:55:20.320 +04:00  INF  Executing endpoint 'App.Controllers.Admin.TeacherController.GetAll (App)'
2024-07-03 01:55:20.326 +04:00  INF  Route matched with {action = "GetAll", controller = "Teacher"}. Executing controller action with signature System.Threading.Tasks.Task`1[Microsoft.AspNetCore.Mvc.IActionResult] GetAll() on controller App.Controllers.Admin.TeacherController (App).
2024-07-03 01:55:20.387 +04:00  INF  Entity Framework Core 6.0.31 initialized 'AppDbContext' using provider 'Microsoft.EntityFrameworkCore.SqlServer:6.0.31' with options: None
2024-07-03 01:55:20.637 +04:00  INF  Executed DbCommand (8ms) [Parameters=[], CommandType='"Text"', CommandTimeout='30']
SELECT [t].[Id], [t].[Age], [t].[CreatedDate], [t].[Email], [t].[Name], [t].[Salary], [t].[SoftDelete], [t].[Surname]
FROM [Teachers] AS [t]
2024-07-03 01:55:20.660 +04:00  INF  Executing OkObjectResult, writing value of type 'System.Collections.Generic.List`1[[Service.DTOs.Admin.Teachers.TeacherDto, Service, Version=1.0.0.0, Culture=neutral, PublicKeyToken=null]]'.
2024-07-03 01:55:20.664 +04:00  INF  Executed action App.Controllers.Admin.TeacherController.GetAll (App) in 337.8953ms
2024-07-03 01:55:20.664 +04:00  INF  Executed endpoint 'App.Controllers.Admin.TeacherController.GetAll (App)'
2024-07-03 01:55:20.664 +04:00  INF  Request finished HTTP/2 GET https://localhost:7095/api/admin/Teacher/GetAll - - - 200 - application/json;+charset=utf-8 348.2587ms
2024-07-03 01:58:16.386 +04:00  INF  Now listening on: https://localhost:7095
2024-07-03 01:58:16.414 +04:00  INF  Now listening on: http://localhost:5035
2024-07-03 01:58:16.419 +04:00  INF  Application started. Press Ctrl+C to shut down.
2024-07-03 01:58:16.419 +04:00  INF  Hosting environment: Development
2024-07-03 01:58:16.419 +04:00  INF  Content root path: C:\Users\user\Desktop\For Programing Education\BACKEND\API\AppApiCavidBashirov\CavBashirov\AppCourse\App\
2024-07-03 01:58:16.707 +04:00  INF  Request starting HTTP/2 GET https://localhost:7095/swagger/index.html - -
2024-07-03 01:58:16.991 +04:00  INF  Request finished HTTP/2 GET https://localhost:7095/swagger/index.html - - - 200 - text/html;charset=utf-8 286.2500ms
2024-07-03 01:58:17.018 +04:00  INF  Request starting HTTP/2 GET https://localhost:7095/_vs/browserLink - -
2024-07-03 01:58:17.039 +04:00  INF  Request starting HTTP/2 GET https://localhost:7095/_framework/aspnetcore-browser-refresh.js - -
2024-07-03 01:58:17.041 +04:00  INF  Request finished HTTP/2 GET https://localhost:7095/_framework/aspnetcore-browser-refresh.js - - - 200 12338 application/javascript;+charset=utf-8 2.4321ms
2024-07-03 01:58:17.088 +04:00  INF  Request finished HTTP/2 GET https://localhost:7095/_vs/browserLink - - - 200 - text/javascript;+charset=UTF-8 69.5208ms
